<?xml version="1.0" encoding="UTF-8"?>
<!-- Generated by org.testng.reporters.JUnitReportReporter -->
<testsuite hostname="LAPTOP-5INVJT5R" failures="0" tests="1" name="VishLimited.orangeHRM.HRAdministrationPageModel" time="118.567" errors="0" timestamp="2024-02-12T03:34:06 IST" skipped="0">
  <testcase classname="VishLimited.orangeHRM.HRAdministrationPageModel" name="main" time="118.567"/>
</testsuite> <!-- VishLimited.orangeHRM.HRAdministrationPageModel -->
